mode: atomic
github.com/exercise/services/comment.go:27.92,31.2 1 9
github.com/exercise/services/comment.go:34.67,37.16 2 3
github.com/exercise/services/comment.go:43.2,43.23 1 2
github.com/exercise/services/comment.go:47.2,49.32 2 1
github.com/exercise/services/comment.go:55.2,55.22 1 1
github.com/exercise/services/comment.go:37.16,40.3 2 1
github.com/exercise/services/comment.go:43.23,45.3 1 1
github.com/exercise/services/comment.go:49.32,53.3 1 1
github.com/exercise/services/comment.go:59.74,62.16 2 4
github.com/exercise/services/comment.go:66.2,66.19 1 3
github.com/exercise/services/comment.go:73.2,73.16 1 1
github.com/exercise/services/comment.go:62.16,64.3 1 1
github.com/exercise/services/comment.go:66.19,67.49 1 2
github.com/exercise/services/comment.go:70.3,70.51 1 1
github.com/exercise/services/comment.go:67.49,69.4 1 1
github.com/exercise/services/comment.go:77.63,80.16 2 2
github.com/exercise/services/comment.go:85.2,85.28 1 1
github.com/exercise/services/comment.go:80.16,83.3 2 1
github.com/exercise/services/member.go:32.89,36.2 1 7
github.com/exercise/services/member.go:39.72,42.16 2 4
github.com/exercise/services/member.go:46.2,46.19 1 3
github.com/exercise/services/member.go:53.2,53.16 1 1
github.com/exercise/services/member.go:42.16,44.3 1 1
github.com/exercise/services/member.go:46.19,47.49 1 2
github.com/exercise/services/member.go:50.3,50.51 1 1
github.com/exercise/services/member.go:47.49,49.4 1 1
github.com/exercise/services/member.go:57.70,60.16 2 3
github.com/exercise/services/member.go:66.2,66.23 1 2
github.com/exercise/services/member.go:70.2,72.33 2 1
github.com/exercise/services/member.go:81.2,81.21 1 1
github.com/exercise/services/member.go:60.16,63.3 2 1
github.com/exercise/services/member.go:66.23,68.3 1 1
github.com/exercise/services/member.go:72.33,79.3 1 1
github.com/exercise/services/organization.go:19.104,23.2 1 5
github.com/exercise/services/organization.go:25.80,28.24 2 5
github.com/exercise/services/organization.go:32.2,34.16 2 4
github.com/exercise/services/organization.go:38.2,38.19 1 3
github.com/exercise/services/organization.go:45.2,45.16 1 1
github.com/exercise/services/organization.go:28.24,30.3 1 1
github.com/exercise/services/organization.go:34.16,36.3 1 1
github.com/exercise/services/organization.go:38.19,39.49 1 2
github.com/exercise/services/organization.go:42.3,42.51 1 1
github.com/exercise/services/organization.go:39.49,41.4 1 1
github.com/exercise/handler/comments_handler.go:38.76,39.54 1 2
github.com/exercise/handler/comments_handler.go:39.54,48.17 5 2
github.com/exercise/handler/comments_handler.go:55.3,57.38 3 2
github.com/exercise/handler/comments_handler.go:48.17,53.4 4 1
github.com/exercise/handler/comments_handler.go:62.79,63.54 1 2
github.com/exercise/handler/comments_handler.go:63.54,73.17 6 2
github.com/exercise/handler/comments_handler.go:80.3,80.18 1 2
github.com/exercise/handler/comments_handler.go:85.3,85.31 1 2
github.com/exercise/handler/comments_handler.go:73.17,78.4 4 1
github.com/exercise/handler/comments_handler.go:80.18,83.4 2 0
github.com/exercise/handler/comments_handler.go:90.77,91.54 1 2
github.com/exercise/handler/comments_handler.go:91.54,96.66 3 2
github.com/exercise/handler/comments_handler.go:102.3,113.17 5 2
github.com/exercise/handler/comments_handler.go:121.3,121.15 1 1
github.com/exercise/handler/comments_handler.go:126.3,129.38 3 1
github.com/exercise/handler/comments_handler.go:96.66,98.14 2 0
github.com/exercise/handler/comments_handler.go:113.17,119.4 5 1
github.com/exercise/handler/comments_handler.go:121.15,124.4 2 0
github.com/exercise/handler/member_handler.go:32.75,33.54 1 2
github.com/exercise/handler/member_handler.go:33.54,36.66 2 2
github.com/exercise/handler/member_handler.go:41.3,54.17 6 2
github.com/exercise/handler/member_handler.go:62.3,62.15 1 1
github.com/exercise/handler/member_handler.go:67.3,69.38 3 1
github.com/exercise/handler/member_handler.go:36.66,38.14 2 0
github.com/exercise/handler/member_handler.go:54.17,60.4 5 1
github.com/exercise/handler/member_handler.go:62.15,65.4 2 0
github.com/exercise/handler/member_handler.go:73.75,74.54 1 3
github.com/exercise/handler/member_handler.go:74.54,83.17 5 3
github.com/exercise/handler/member_handler.go:90.3,92.38 3 3
github.com/exercise/handler/member_handler.go:83.17,88.4 4 1
github.com/exercise/handler/orgs_handler.go:30.86,31.54 1 2
github.com/exercise/handler/orgs_handler.go:31.54,36.66 3 2
github.com/exercise/handler/orgs_handler.go:41.3,49.17 3 2
github.com/exercise/handler/orgs_handler.go:56.3,56.15 1 1
github.com/exercise/handler/orgs_handler.go:61.3,64.38 3 1
github.com/exercise/handler/orgs_handler.go:36.66,38.14 2 0
github.com/exercise/handler/orgs_handler.go:49.17,54.4 4 1
github.com/exercise/handler/orgs_handler.go:56.15,59.4 2 0
